build/app/outputs/mapping/release/mapping.txt
# compiler: R8
# compiler_version: 2.1.62
# min_api: 16
# pg_map_id: c54d7c1
# common_typos_disable
...
io.flutter.embedding.android.FlutterView$FlutterEngineAttachmentListener -> io.flutter.embedding.android.k$d:
    void onFlutterEngineAttachedToFlutterView(io.flutter.embedding.engine.FlutterEngine) -> a
    void onFlutterEngineDetachedFromFlutterView() -> b
io.flutter.embedding.android.FlutterView$ZeroSides -> io.flutter.embedding.android.k$e:
    io.flutter.embedding.android.FlutterView$ZeroSides NONE -> a
    io.flutter.embedding.android.FlutterView$ZeroSides[] $VALUES -> e
    io.flutter.embedding.android.FlutterView$ZeroSides BOTH -> d
    io.flutter.embedding.android.FlutterView$ZeroSides RIGHT -> c
    io.flutter.embedding.android.FlutterView$ZeroSides LEFT -> b
io.flutter.embedding.android.KeyChannelResponder -> io.flutter.embedding.android.l:
    io.flutter.embedding.engine.systemchannels.KeyEventChannel keyEventChannel -> a
    int combiningCharacter -> b
    void handleEvent(android.view.KeyEvent,io.flutter.embedding.android.KeyboardManager$Responder$OnKeyEventHandledCallback) -> a
    java.lang.Character applyCombiningCharacterToBaseCharacter(int) -> b
    void lambda$handleEvent$0(io.flutter.embedding.android.KeyboardManager$Responder$OnKeyEventHandledCallback,boolean) -> c
io.flutter.embedding.android.KeyboardManager -> io.flutter.embedding.android.m:
    java.util.HashSet redispatchedEvents -> b
    io.flutter.embedding.android.KeyboardManager$Responder[] responders -> a
    android.view.View view -> d
    io.flutter.plugin.editing.TextInputPlugin textInputPlugin -> c
    void access$000(io.flutter.embedding.android.KeyboardManager,android.view.KeyEvent) -> a
    void destroy() -> b
    boolean handleEvent(android.view.KeyEvent) -> c
    void onUnhandled(android.view.KeyEvent) -> d
io.flutter.embedding.android.KeyboardManager$1 -> io.flutter.embedding.android.m$a:
io.flutter.embedding.android.KeyboardManager$PerEventCallbackBuilder -> io.flutter.embedding.android.m$b:
    android.view.KeyEvent keyEvent -> a
    io.flutter.embedding.android.KeyboardManager this$0 -> d
    int unrepliedCount -> b
    boolean isEventHandled -> c
    io.flutter.embedding.android.KeyboardManager$Responder$OnKeyEventHandledCallback buildCallback() -> a
io.flutter.embedding.android.KeyboardManager$PerEventCallbackBuilder$Callback -> io.flutter.embedding.android.m$b$a:
    io.flutter.embedding.android.KeyboardManager$PerEventCallbackBuilder this$1 -> b
    boolean isCalled -> a
    void onKeyEventHandled(java.lang.Boolean) -> a
io.flutter.embedding.android.KeyboardManager$Responder -> io.flutter.embedding.android.m$c:
    void handleEvent(android.view.KeyEvent,io.flutter.embedding.android.KeyboardManager$Responder$OnKeyEventHandledCallback) -> a
io.flutter.embedding.android.KeyboardManager$Responder$OnKeyEventHandledCallback -> io.flutter.embedding.android.m$c$a:
    void onKeyEventHandled(java.lang.Boolean) -> a
io.flutter.embedding.android.MotionEventTracker -> io.flutter.embedding.android.n:
    java.util.PriorityQueue unusedEvents -> b
    android.util.LongSparseArray eventById -> a
    io.flutter.embedding.android.MotionEventTracker INSTANCE -> c
    io.flutter.embedding.android.MotionEventTracker getInstance() -> a
    android.view.MotionEvent pop(io.flutter.embedding.android.MotionEventTracker$MotionEventId) -> b
    io.flutter.embedding.android.MotionEventTracker$MotionEventId track(android.view.MotionEvent) -> c
io.flutter.embedding.android.MotionEventTracker$MotionEventId -> io.flutter.embedding.android.n$a:
    java.util.concurrent.atomic.AtomicLong ID_COUNTER -> b
    long id -> a
    long access$000(io.flutter.embedding.android.MotionEventTracker$MotionEventId) -> a
    io.flutter.embedding.android.MotionEventTracker$MotionEventId createUnique() -> b
    io.flutter.embedding.android.MotionEventTracker$MotionEventId from(long) -> c
    long getId() -> d